<?xml version="1.0" encoding="UTF-8"?>
<!-- Generated by org.testng.reporters.JUnitReportReporter -->
<testsuite hostname="DESKTOP-9DC0SM3" failures="0" tests="3" name="pratice.DataProviderPraticeTest" time="0.010" errors="0" timestamp="2021-12-28T17:46:17 IST" skipped="0">
  <testcase classname="pratice.DataProviderPraticeTest" name="reatTheDataFromDataProvider" time="0.000"/>
  <system-out/>
  <testcase classname="pratice.DataProviderPraticeTest" name="reatTheDataFromDataProvider" time="0.008"/>
  <system-out/>
  <testcase classname="pratice.DataProviderPraticeTest" name="reatTheDataFromDataProvider" time="0.002"/>
  <system-out/>
</testsuite> <!-- pratice.DataProviderPraticeTest -->
